2024-11-28 11:23:01,367 - DEBUG - No folder selected.
2024-11-28 11:23:01,367 - DEBUG - No folder selected.
2024-11-28 11:34:46,540 - DEBUG - Selected folder: C:/Mac/Home/Desktop/Rename-arrr-Post-arrr/tests
2024-11-28 11:34:46,557 - INFO - Populating file list for folder: C:/Mac/Home/Desktop/Rename-arrr-Post-arrr/tests
2024-11-28 11:34:46,579 - DEBUG - Adding file: The.Godfather.1972.REMASTERED.mov
2024-11-28 11:34:46,590 - DEBUG - Adding file: Inception.2010.1080p.BluRay.mp4
2024-11-28 11:34:46,592 - DEBUG - Adding file: Parasite-2019-1080p.mp4
2024-11-28 11:34:46,595 - DEBUG - Adding file: test_renamer.py
2024-11-28 11:34:46,598 - DEBUG - Adding file: Random.Documentary.2022.1080p.mkv
2024-11-28 11:34:46,601 - DEBUG - Adding file: The.Matrix.1999.720p.WEB-DL.mkv
2024-11-28 11:34:46,602 - DEBUG - Adding file: TestFile_Without_Year.mp4
2024-11-28 11:34:46,604 - DEBUG - Adding file: Interstellar_2014_4K_BluRay.avi
2024-11-28 11:34:46,604 - DEBUG - Adding file: test_metadata_fetcher.py
2024-11-28 11:34:52,303 - INFO - Starting renaming for 9 files in folder: C:/Mac/Home/Desktop/Rename-arrr-Post-arrr/tests
2024-11-28 11:34:52,321 - INFO - Starting renaming process for 9 files.
2024-11-28 11:34:52,336 - DEBUG - Renamed 'The.Godfather.1972.REMASTERED.mov' to 'The.Godfather.1972.REMASTERED (Unknown).mov'.
2024-11-28 11:34:52,338 - DEBUG - Progress: 11%
2024-11-28 11:34:52,341 - DEBUG - Renamed 'Inception.2010.1080p.BluRay.mp4' to 'Inception.2010.1080p.BluRay (Unknown).mp4'.
2024-11-28 11:34:52,342 - DEBUG - Progress: 22%
2024-11-28 11:34:52,345 - DEBUG - Renamed 'Parasite-2019-1080p.mp4' to 'Parasite-2019-1080p (Unknown).mp4'.
2024-11-28 11:34:52,346 - DEBUG - Updating file list: 'The.Godfather.1972.REMASTERED.mov' -> 'The.Godfather.1972.REMASTERED (Unknown).mov'
2024-11-28 11:34:52,348 - DEBUG - Progress: 33%
2024-11-28 11:34:52,351 - DEBUG - Updating progress to 11%
2024-11-28 11:34:52,358 - DEBUG - Updating file list: 'Inception.2010.1080p.BluRay.mp4' -> 'Inception.2010.1080p.BluRay (Unknown).mp4'
2024-11-28 11:34:52,359 - DEBUG - Renamed 'test_renamer.py' to 'test_renamer (Unknown).py'.
2024-11-28 11:34:52,360 - DEBUG - Updating progress to 22%
2024-11-28 11:34:52,360 - DEBUG - Progress: 44%
2024-11-28 11:34:52,363 - DEBUG - Updating file list: 'Parasite-2019-1080p.mp4' -> 'Parasite-2019-1080p (Unknown).mp4'
2024-11-28 11:34:52,365 - DEBUG - Updating progress to 33%
2024-11-28 11:34:52,366 - DEBUG - Renamed 'Random.Documentary.2022.1080p.mkv' to 'Random.Documentary.2022.1080p (Unknown).mkv'.
2024-11-28 11:34:52,368 - DEBUG - Progress: 55%
2024-11-28 11:34:52,371 - DEBUG - Updating file list: 'test_renamer.py' -> 'test_renamer (Unknown).py'
2024-11-28 11:34:52,371 - DEBUG - Renamed 'The.Matrix.1999.720p.WEB-DL.mkv' to 'The.Matrix.1999.720p.WEB-DL (Unknown).mkv'.
2024-11-28 11:34:52,373 - DEBUG - Updating progress to 44%
2024-11-28 11:34:52,373 - DEBUG - Progress: 66%
2024-11-28 11:34:52,389 - DEBUG - Updating file list: 'Random.Documentary.2022.1080p.mkv' -> 'Random.Documentary.2022.1080p (Unknown).mkv'
2024-11-28 11:34:52,390 - DEBUG - Updating progress to 55%
2024-11-28 11:34:52,393 - DEBUG - Updating file list: 'The.Matrix.1999.720p.WEB-DL.mkv' -> 'The.Matrix.1999.720p.WEB-DL (Unknown).mkv'
2024-11-28 11:34:52,393 - DEBUG - Renamed 'TestFile_Without_Year.mp4' to 'TestFile_Without_Year (Unknown).mp4'.
2024-11-28 11:34:52,394 - DEBUG - Updating progress to 66%
2024-11-28 11:34:52,394 - DEBUG - Progress: 77%
2024-11-28 11:34:52,401 - DEBUG - Renamed 'Interstellar_2014_4K_BluRay.avi' to 'Interstellar_2014_4K_BluRay (Unknown).avi'.
2024-11-28 11:34:52,401 - DEBUG - Progress: 88%
2024-11-28 11:34:52,404 - DEBUG - Renamed 'test_metadata_fetcher.py' to 'test_metadata_fetcher (Unknown).py'.
2024-11-28 11:34:52,405 - DEBUG - Progress: 100%
2024-11-28 11:34:52,405 - INFO - Renaming process completed.
2024-11-28 11:34:52,409 - DEBUG - Updating file list: 'TestFile_Without_Year.mp4' -> 'TestFile_Without_Year (Unknown).mp4'
2024-11-28 11:34:52,410 - DEBUG - Updating progress to 77%
2024-11-28 11:34:52,414 - DEBUG - Updating file list: 'Interstellar_2014_4K_BluRay.avi' -> 'Interstellar_2014_4K_BluRay (Unknown).avi'
2024-11-28 11:34:52,415 - DEBUG - Updating progress to 88%
2024-11-28 11:34:52,423 - DEBUG - Updating file list: 'test_metadata_fetcher.py' -> 'test_metadata_fetcher (Unknown).py'
2024-11-28 11:34:52,425 - DEBUG - Updating progress to 100%
2024-11-28 11:34:52,426 - INFO - Renaming process finished.
2024-11-28 11:39:04,914 - DEBUG - Selected folder: C:/Mac/Home/Desktop/Rename-arrr-Post-arrr/tests
2024-11-28 11:39:04,941 - INFO - Populating file list for folder: C:/Mac/Home/Desktop/Rename-arrr-Post-arrr/tests
2024-11-28 11:39:04,951 - DEBUG - Adding file: Random.Documentary.2022.1080p (Unknown).mkv
2024-11-28 11:39:04,955 - DEBUG - Adding file: Interstellar_2014_4K_BluRay (Unknown).avi
2024-11-28 11:39:04,957 - DEBUG - Adding file: TestFile_Without_Year (Unknown).mp4
2024-11-28 11:39:04,959 - DEBUG - Adding file: Parasite-2019-1080p (Unknown).mp4
2024-11-28 11:39:04,961 - DEBUG - Adding file: The.Matrix.1999.720p.WEB-DL (Unknown).mkv
2024-11-28 11:39:04,963 - DEBUG - Adding file: The.Godfather.1972.REMASTERED (Unknown).mov
2024-11-28 11:39:04,965 - DEBUG - Adding file: Inception.2010.1080p.BluRay (Unknown).mp4
2024-11-28 11:39:08,683 - INFO - Starting renaming for 7 files in folder: C:/Mac/Home/Desktop/Rename-arrr-Post-arrr/tests
2024-11-28 11:39:08,691 - INFO - Starting renaming process for 7 files.
2024-11-28 11:39:08,700 - DEBUG - Renamed 'Random.Documentary.2022.1080p (Unknown).mkv' to 'Random.Documentary (2022).mkv'.
2024-11-28 11:39:08,713 - DEBUG - Renamed 'Interstellar_2014_4K_BluRay (Unknown).avi' to 'Interstellar_2014_4K_BluRay (Unknown) (Unknown).avi'.
2024-11-28 11:39:08,717 - DEBUG - Renamed 'TestFile_Without_Year (Unknown).mp4' to 'TestFile_Without_Year (Unknown) (Unknown).mp4'.
2024-11-28 11:39:08,720 - DEBUG - Renamed 'Parasite-2019-1080p (Unknown).mp4' to 'Parasite (2019).mp4'.
2024-11-28 11:39:08,724 - DEBUG - Renamed 'The.Matrix.1999.720p.WEB-DL (Unknown).mkv' to 'The.Matrix (1999).mkv'.
2024-11-28 11:39:08,736 - DEBUG - Renamed 'The.Godfather.1972.REMASTERED (Unknown).mov' to 'The.Godfather (1972).mov'.
2024-11-28 11:39:08,747 - DEBUG - Renamed 'Inception.2010.1080p.BluRay (Unknown).mp4' to 'Inception (2010).mp4'.
2024-11-28 11:39:08,748 - INFO - Renaming process completed.
2024-11-28 11:39:08,758 - INFO - Renaming process finished.
2024-11-28 11:41:55,104 - DEBUG - Selected folder: C:/Mac/Home/Desktop/Rename-arrr-Post-arrr/tests
2024-11-28 11:41:55,127 - INFO - Populating file list for folder: C:/Mac/Home/Desktop/Rename-arrr-Post-arrr/tests
2024-11-28 11:41:55,137 - DEBUG - Adding file: Parasite (2019).mp4
2024-11-28 11:41:55,140 - DEBUG - Adding file: Inception (2010).mp4
2024-11-28 11:41:55,145 - DEBUG - Adding file: Random.Documentary (2022).mkv
2024-11-28 11:41:55,149 - DEBUG - Adding file: TestFile_Without_Year (Unknown) (Unknown).mp4
2024-11-28 11:41:55,153 - DEBUG - Adding file: The.Matrix (1999).mkv
2024-11-28 11:41:55,156 - DEBUG - Adding file: Interstellar_2014_4K_BluRay (Unknown) (Unknown).avi
2024-11-28 11:41:55,162 - DEBUG - Adding file: The.Godfather (1972).mov
2024-11-28 11:41:58,221 - INFO - Starting renaming for 7 files in folder: C:/Mac/Home/Desktop/Rename-arrr-Post-arrr/tests
2024-11-28 11:41:58,243 - INFO - Starting renaming process for 7 files.
2024-11-28 11:41:58,307 - DEBUG - Renamed 'Parasite (2019).mp4' to 'Parasite (2019) [1].mp4'.
2024-11-28 11:41:58,348 - DEBUG - Renamed 'Inception (2010).mp4' to 'Inception (2010) [1].mp4'.
2024-11-28 11:41:58,390 - DEBUG - Renamed 'Random.Documentary (2022).mkv' to 'Random.Documentary (2022) [1].mkv'.
2024-11-28 11:41:58,616 - DEBUG - Renamed 'TestFile_Without_Year (Unknown) (Unknown).mp4' to 'TestFile_Without_Year (Unknown) (Unknown) (Unknown).mp4'.
2024-11-28 11:41:58,650 - DEBUG - Renamed 'The.Matrix (1999).mkv' to 'The.Matrix (1999) [1].mkv'.
2024-11-28 11:41:58,765 - DEBUG - Renamed 'Interstellar_2014_4K_BluRay (Unknown) (Unknown).avi' to 'Interstellar (2014).avi'.
2024-11-28 11:41:58,847 - DEBUG - Renamed 'The.Godfather (1972).mov' to 'The.Godfather (1972) [1].mov'.
2024-11-28 11:41:58,872 - INFO - Renaming process completed.
2024-11-28 11:41:58,956 - INFO - Renaming process finished.
